<?xml version="1.0" encoding="UTF-8"?>
<testsuite xmlns:xsi="http://www.w3.org/2001/XMLSchema-instance" xsi:noNamespaceSchemaLocation="https://maven.apache.org/surefire/maven-surefire-plugin/xsd/surefire-test-report-3.0.xsd" version="3.0" name="dev.kipischill.AppTest" time="0.005" tests="0" errors="0" skipped="0" failures="0">
  <properties>
    <property name="java.specification.version" value="17"/>
    <property name="sun.cpu.isalist" value="amd64"/>
    <property name="sun.jnu.encoding" value="Cp1252"/>
    <property name="java.class.path" value="c:\Users\natha\Desktop\devstuff\minecraft\power gems plugin\custompowergemsfixed\target\test-classes;c:\Users\natha\Desktop\devstuff\minecraft\power gems plugin\custompowergemsfixed\target\classes;C:\Users\natha\.m2\repository\org\spigotmc\spigot-api\1.17-R0.1-SNAPSHOT\spigot-api-1.17-R0.1-SNAPSHOT.jar;C:\Users\natha\.m2\repository\commons-lang\commons-lang\2.6\commons-lang-2.6.jar;C:\Users\natha\.m2\repository\com\google\guava\guava\21.0\guava-21.0.jar;C:\Users\natha\.m2\repository\com\google\code\gson\gson\2.8.0\gson-2.8.0.jar;C:\Users\natha\.m2\repository\net\md-5\bungeecord-chat\1.16-R0.4\bungeecord-chat-1.16-R0.4.jar;C:\Users\natha\.m2\repository\org\yaml\snakeyaml\1.28\snakeyaml-1.28.jar;C:\Users\natha\.m2\repository\com\github\ISeal-plugin-developement\PowerGems\3.6.0.0\PowerGems-3.6.0.0.jar;"/>
    <property name="java.vm.vendor" value="Eclipse Adoptium"/>
    <property name="sun.arch.data.model" value="64"/>
    <property name="user.variant" value=""/>
    <property name="java.vendor.url" value="https://adoptium.net/"/>
    <property name="user.timezone" value="America/Halifax"/>
    <property name="os.name" value="Windows 11"/>
    <property name="java.vm.specification.version" value="17"/>
    <property name="sun.java.launcher" value="SUN_STANDARD"/>
    <property name="user.country" value="CA"/>
    <property name="sun.boot.library.path" value="C:\Program Files\Eclipse Adoptium\jdk-17.0.13.11-hotspot\bin"/>
    <property name="sun.java.command" value="C:\Users\natha\AppData\Local\Temp\surefire4823311574627703760\surefirebooter-20250123010505374_3.jar C:\Users\natha\AppData\Local\Temp\surefire4823311574627703760 2025-01-23T01-05-05_219-jvmRun1 surefire-20250123010505374_1tmp surefire_0-20250123010505374_2tmp"/>
    <property name="jdk.debug" value="release"/>
    <property name="surefire.test.class.path" value="c:\Users\natha\Desktop\devstuff\minecraft\power gems plugin\custompowergemsfixed\target\test-classes;c:\Users\natha\Desktop\devstuff\minecraft\power gems plugin\custompowergemsfixed\target\classes;C:\Users\natha\.m2\repository\org\spigotmc\spigot-api\1.17-R0.1-SNAPSHOT\spigot-api-1.17-R0.1-SNAPSHOT.jar;C:\Users\natha\.m2\repository\commons-lang\commons-lang\2.6\commons-lang-2.6.jar;C:\Users\natha\.m2\repository\com\google\guava\guava\21.0\guava-21.0.jar;C:\Users\natha\.m2\repository\com\google\code\gson\gson\2.8.0\gson-2.8.0.jar;C:\Users\natha\.m2\repository\net\md-5\bungeecord-chat\1.16-R0.4\bungeecord-chat-1.16-R0.4.jar;C:\Users\natha\.m2\repository\org\yaml\snakeyaml\1.28\snakeyaml-1.28.jar;C:\Users\natha\.m2\repository\com\github\ISeal-plugin-developement\PowerGems\3.6.0.0\PowerGems-3.6.0.0.jar;"/>
    <property name="sun.cpu.endian" value="little"/>
    <property name="user.home" value="C:\Users\natha"/>
    <property name="user.language" value="en"/>
    <property name="java.specification.vendor" value="Oracle Corporation"/>
    <property name="java.version.date" value="2024-10-15"/>
    <property name="java.home" value="C:\Program Files\Eclipse Adoptium\jdk-17.0.13.11-hotspot"/>
    <property name="file.separator" value="\"/>
    <property name="basedir" value="c:\Users\natha\Desktop\devstuff\minecraft\power gems plugin\custompowergemsfixed"/>
    <property name="java.vm.compressedOopsMode" value="Zero based"/>
    <property name="line.separator" value="&#10;"/>
    <property name="java.vm.specification.vendor" value="Oracle Corporation"/>
    <property name="java.specification.name" value="Java Platform API Specification"/>
    <property name="surefire.real.class.path" value="C:\Users\natha\AppData\Local\Temp\surefire4823311574627703760\surefirebooter-20250123010505374_3.jar"/>
    <property name="user.script" value=""/>
    <property name="sun.management.compiler" value="HotSpot 64-Bit Tiered Compilers"/>
    <property name="java.runtime.version" value="17.0.13+11"/>
    <property name="user.name" value="natha"/>
    <property name="path.separator" value=";"/>
    <property name="os.version" value="10.0"/>
    <property name="java.runtime.name" value="OpenJDK Runtime Environment"/>
    <property name="file.encoding" value="Cp1252"/>
    <property name="java.vm.name" value="OpenJDK 64-Bit Server VM"/>
    <property name="java.vendor.version" value="Temurin-17.0.13+11"/>
    <property name="localRepository" value="C:\Users\natha\.m2\repository"/>
    <property name="java.vendor.url.bug" value="https://github.com/adoptium/adoptium-support/issues"/>
    <property name="java.io.tmpdir" value="C:\Users\natha\AppData\Local\Temp\"/>
    <property name="java.version" value="17.0.13"/>
    <property name="user.dir" value="c:\Users\natha\Desktop\devstuff\minecraft\power gems plugin\custompowergemsfixed"/>
    <property name="os.arch" value="amd64"/>
    <property name="java.vm.specification.name" value="Java Virtual Machine Specification"/>
    <property name="sun.os.patch.level" value=""/>
    <property name="native.encoding" value="Cp1252"/>
    <property name="java.library.path" value="C:\Program Files\Eclipse Adoptium\jdk-17.0.13.11-hotspot\bin;C:\WINDOWS\Sun\Java\bin;C:\WINDOWS\system32;C:\WINDOWS;C:\Program Files\Eclipse Adoptium\jdk-21.0.5.11-hotspot\bin;C:\Program Files\Eclipse Adoptium\jdk-17.0.13.11-hotspot\bin;C:\Windows\system32;C:\Windows;C:\Windows\System32\Wbem;C:\Windows\System32\WindowsPowerShell\v1.0\;C:\Windows\System32\OpenSSH\;C:\Program Files (x86)\NVIDIA Corporation\PhysX\Common;C:\WINDOWS\system32;C:\WINDOWS;C:\WINDOWS\System32\Wbem;C:\WINDOWS\System32\WindowsPowerShell\v1.0\;C:\WINDOWS\System32\OpenSSH\;C:\Program Files\dotnet\;C:\Program Files\NVIDIA Corporation\NVIDIA app\NvDLISR;C:\Program Files\playit_gg\bin\;C:\Users\natha\apache-maven-3.9.9\bin;C:\Program Files\Git\cmd;C:\Program Files\Java\jdk-21\bin;C:\Users\natha\AppData\Local\Programs\Python\Python39\Scripts\;C:\Users\natha\AppData\Local\Programs\Python\Python39\;C:\Users\natha\AppData\Local\Programs\Python\Python313\Scripts\;C:\Users\natha\AppData\Local\Programs\Python\Python313\;C:\Users\natha\AppData\Local\Microsoft\WindowsApps;;C:\Users\natha\.dotnet\tools;C:\Users\natha\AppData\Local\Programs\Microsoft VS Code\bin;."/>
    <property name="java.vm.info" value="mixed mode, sharing"/>
    <property name="java.vendor" value="Eclipse Adoptium"/>
    <property name="java.vm.version" value="17.0.13+11"/>
    <property name="java.specification.maintenance.version" value="1"/>
    <property name="sun.io.unicode.encoding" value="UnicodeLittle"/>
    <property name="java.class.version" value="61.0"/>
  </properties>
</testsuite>